This is XeTeX, Version 3.141592653-2.6-0.999995 (TeX Live 2023) (preloaded format=xelatex 2024.3.13)  23 MAY 2024 17:19
entering extended mode
 restricted \write18 enabled.
 file:line:error style messages enabled.
 %&-line parsing enabled.
**d:/OneDrive/Projects/resume/fontawesomesymbols-generic.tex
(d:/OneDrive/Projects/resume/fontawesomesymbols-generic.tex
LaTeX2e <2022-11-01> patch level 1
L3 programming layer <2023-02-22>)
! Emergency stop.
<*> ...jects/resume/fontawesomesymbols-generic.tex
                                                  
*** (job aborted, no legal \end found)

 
Here is how much of TeX's memory you used:
 836 strings out of 476683
 9408 string characters out of 5807575
 1842012 words of memory out of 5000000
 21183 multiletter control sequences out of 15000+600000
 512287 words of font info for 32 fonts, out of 8000000 for 9000
 1348 hyphenation exceptions out of 8191
 12i,0n,12p,237b,10s stack positions out of 10000i,1000n,20000p,200000b,200000s
No pages of output.
